<?xml version="1.0" encoding="UTF-8"?>
<testng-results skipped="0" failed="0" ignored="0" total="1" passed="1">
  <reporter-output>
  </reporter-output>
  <suite name="Default suite" duration-ms="9218" started-at="2020-11-04T10:55:39Z" finished-at="2020-11-04T10:55:48Z">
    <groups>
    </groups>
    <test name="Default test" duration-ms="9218" started-at="2020-11-04T10:55:39Z" finished-at="2020-11-04T10:55:48Z">
      <class name="Test01_GET">
        <test-method status="PASS" signature="login()[pri:0, instance:Test01_GET@4678c730]" name="login" duration-ms="9171" started-at="2020-11-04T10:55:39Z" finished-at="2020-11-04T10:55:48Z">
          <reporter-output>
          </reporter-output>
        </test-method> <!-- login -->
      </class> <!-- Test01_GET -->
    </test> <!-- Default test -->
  </suite> <!-- Default suite -->
</testng-results>
